<?xml version="1.0" encoding="UTF-8"?>
<!-- Generated by org.testng.reporters.JUnitReportReporter -->
<testsuite hostname="AKSHU" failures="0" tests="5" name="FinalFrame.FinalMyntra.homepage" time="52.682" errors="0" timestamp="2021-09-07T00:04:01 IST" skipped="0">
  <testcase classname="FinalFrame.FinalMyntra.homepage" name="baseNavigation" time="15.754"/>
  <system-out/>
  <testcase classname="FinalFrame.FinalMyntra.homepage" name="womenpage" time="3.971"/>
  <system-out/>
  <testcase classname="FinalFrame.FinalMyntra.homepage" name="selectSection" time="6.936"/>
  <system-out/>
  <testcase classname="FinalFrame.FinalMyntra.homepage" name="sortingwhats" time="6.294"/>
  <system-out/>
  <testcase classname="FinalFrame.FinalMyntra.homepage" name="productselection" time="19.727"/>
  <system-out/>
</testsuite> <!-- FinalFrame.FinalMyntra.homepage -->
